CMake Error at /usr/share/cmake-3.28/Modules/CMakeDetermineSystem.cmake:246 (configure_file):
  Operation not permitted
Call Stack (most recent call first):
  CMakeLists.txt:3 (project)


-- The C compiler identification is GNU 13.3.0
CMake Error at /usr/share/cmake-3.28/Modules/CMakeDetermineCCompiler.cmake:226 (configure_file):
  Operation not permitted
Call Stack (most recent call first):
  CMakeLists.txt:3 (project)


-- Detecting C compiler ABI info
-- Detecting C compiler ABI info - failed
-- Check for working C compiler: /usr/bin/cc
-- Check for working C compiler: /usr/bin/cc - works
-- Detecting C compile features
-- Detecting C compile features - done
CMake Error at /usr/share/cmake-3.28/Modules/CMakeTestCCompiler.cmake:80 (configure_file):
  Operation not permitted
Call Stack (most recent call first):
  CMakeLists.txt:3 (project)


CMake Error at /usr/share/cmake-3.28/Modules/ExternalProject.cmake:1784 (configure_file):
  Operation not permitted
Call Stack (most recent call first):
  /usr/share/cmake-3.28/Modules/ExternalProject.cmake:4354 (_ep_set_directories)
  cmake/FFmpeg.cmake:80 (ExternalProject_Add)
  CMakeLists.txt:15 (include)


CMake Error at /usr/share/cmake-3.28/Modules/FindPackageHandleStandardArgs.cmake:230 (message):
  Could NOT find PkgConfig (missing: PKG_CONFIG_EXECUTABLE)
Call Stack (most recent call first):
  /usr/share/cmake-3.28/Modules/FindPackageHandleStandardArgs.cmake:600 (_FPHSA_FAILURE_MESSAGE)
  /usr/share/cmake-3.28/Modules/FindPkgConfig.cmake:99 (find_package_handle_standard_args)
  VTL/media_container/img/CMakeLists.txt:2 (find_package)


-- Configuring incomplete, errors occurred!
